Base de datos creada exitosamente
Base de datos creada exitosamente
User with id 1 not found.
User with id 1 not found.
User with id 1 not found.
Base de datos creada exitosamente
Base de datos creada exitosamente
Base de datos creada exitosamente
Base de datos creada exitosamente
Base de datos creada exitosamente
Base de datos creada exitosamente
Base de datos creada exitosamente
Base de datos creada exitosamente
User with id 1 not found.
User with id 1 not found.
User with id 1 not found.
User with id 1 not found.
User with id 1 not found.
User with id 1 not found.
User with id 1 not found.
User with id 1 not found.
User with id 1 not found.
User with id 1 not found.
User with id 1 not found.
User with id 1 not found.
User with id 1 not found.
User with id 1 not found.
User with id 1 not found.
User with id 1 not found.
User with id 1 not found.
User with id 1 not found.
User with id 1 not found.
User with id 1 not found.
Base de datos creada exitosamente
Base de datos creada exitosamente
Base de datos creada exitosamente
Base de datos creada exitosamente
Base de datos creada exitosamente
Base de datos creada exitosamente
Base de datos creada exitosamente
Base de datos creada exitosamente
<<<<<<< Updated upstream
=======
Base de datos creada exitosamente
Base de datos creada exitosamente
>>>>>>> Stashed changes
